  Main.cpp
C:\Users\lmarnat\Documents\GitHub\SimulationLumiere\SyntheseTP2\SyntheseTP2\Main.cpp(16,22): warning C4244: '=' : conversion de 'float' en '_Ty', perte possible de données
          with
          [
              _Ty=unsigned char
          ]
C:\Users\lmarnat\Documents\GitHub\SimulationLumiere\SyntheseTP2\SyntheseTP2\Main.cpp(17,24): warning C4244: '=' : conversion de 'float' en '_Ty', perte possible de données
          with
          [
              _Ty=unsigned char
          ]
C:\Users\lmarnat\Documents\GitHub\SimulationLumiere\SyntheseTP2\SyntheseTP2\Main.cpp(18,24): warning C4244: '=' : conversion de 'float' en '_Ty', perte possible de données
          with
          [
              _Ty=unsigned char
          ]
C:\Users\lmarnat\Documents\GitHub\SimulationLumiere\SyntheseTP2\SyntheseTP2\Main.cpp(19,24): warning C4244: '=' : conversion de 'float' en '_Ty', perte possible de données
          with
          [
              _Ty=unsigned char
          ]
C:\Users\lmarnat\Documents\GitHub\SimulationLumiere\SyntheseTP2\SyntheseTP2\Main.cpp(30,23): warning C4018: '<' : incompatibilité signed/unsigned
C:\Users\lmarnat\Documents\GitHub\SimulationLumiere\SyntheseTP2\SyntheseTP2\Main.cpp(37,17): warning C4244: 'initialisation' : conversion de 'double' en 'float', perte possible de données
C:\Users\lmarnat\Documents\GitHub\SimulationLumiere\SyntheseTP2\SyntheseTP2\Main.cpp(41,55): warning C4244: 'return' : conversion de 'double' en 'float', perte possible de données
  SyntheseTP2.vcxproj -> C:\Users\lmarnat\Documents\GitHub\SimulationLumiere\SyntheseTP2\Debug\SyntheseTP2.exe
