  Boite.cpp
  Camera.cpp
  Couleur.cpp
  Image.cpp
C:\Users\lmarnat\Documents\GitHub\SimulationRayTracing\SyntheseTP2\SyntheseTP2\Image.cpp(40,34): warning C4244: '=': conversion from '_Ty' to '_Ty', possible loss of data
          with
          [
              _Ty=double
          ]
          and
          [
              _Ty=unsigned char
          ]
  Lampe.cpp
  Main.cpp
C:\Users\lmarnat\Documents\GitHub\SimulationRayTracing\SyntheseTP2\SyntheseTP2\Main.cpp(27,48): warning C4316: 'BoxTree': object allocated on the heap may not be aligned 16
C:\Users\lmarnat\Documents\GitHub\SimulationRayTracing\SyntheseTP2\SyntheseTP2\Main.cpp(64,50): warning C4244: '=': conversion from 'double' to 'float', possible loss of data
C:\Users\lmarnat\Documents\GitHub\SimulationRayTracing\SyntheseTP2\SyntheseTP2\Main.cpp(222,149): warning C4244: 'argument': conversion from 'double' to 'float', possible loss of data
C:\Users\lmarnat\Documents\GitHub\SimulationRayTracing\SyntheseTP2\SyntheseTP2\Main.cpp(222,101): warning C4244: 'argument': conversion from 'double' to 'float', possible loss of data
C:\Users\lmarnat\Documents\GitHub\SimulationRayTracing\SyntheseTP2\SyntheseTP2\Main.cpp(222,53): warning C4244: 'argument': conversion from 'double' to 'float', possible loss of data
C:\Users\lmarnat\Documents\GitHub\SimulationRayTracing\SyntheseTP2\SyntheseTP2\Main.cpp(260,46): warning C4305: 'argument': truncation from 'double' to 'float'
C:\Users\lmarnat\Documents\GitHub\SimulationRayTracing\SyntheseTP2\SyntheseTP2\Main.cpp(391,54): warning C4305: 'argument': truncation from 'double' to 'float'
C:\Users\lmarnat\Documents\GitHub\SimulationRayTracing\SyntheseTP2\SyntheseTP2\Main.cpp(528,151): warning C4305: 'argument': truncation from 'double' to 'float'
C:\Users\lmarnat\Documents\GitHub\SimulationRayTracing\SyntheseTP2\SyntheseTP2\Main.cpp(528,172): warning C4305: 'argument': truncation from 'double' to 'float'
C:\Users\lmarnat\Documents\GitHub\SimulationRayTracing\SyntheseTP2\SyntheseTP2\Main.cpp(528,193): warning C4305: 'argument': truncation from 'double' to 'float'
C:\Users\lmarnat\Documents\GitHub\SimulationRayTracing\SyntheseTP2\SyntheseTP2\Main.cpp(528,199): warning C4316: 'SphereCouleur': object allocated on the heap may not be aligned 16
C:\Users\lmarnat\Documents\GitHub\SimulationRayTracing\SyntheseTP2\SyntheseTP2\Main.cpp(543,10): warning C4101: 'minDistance': unreferenced local variable
  Mirroir.cpp
  Rayon.cpp
  Sphere.cpp
  SphereCouleur.cpp
  Generating code
  158 of 599 functions (26.4%) were compiled, the rest were copied from previous compilation.
    1 functions were new in current compilation
    43 functions had inline decision re-evaluated but remain unchanged
  Finished generating code
  SyntheseTP2.vcxproj -> C:\Users\lmarnat\Documents\GitHub\SimulationRayTracing\SyntheseTP2\Release\SyntheseTP2.exe
